{"uuid":"f85539b3-0a66-4c55-91c1-7c389ab0f3f2","historyId":"d6c35591bdf32a143bdde608165ac1d0","fullName":"Test the DemoWebShop website: Verify the Registration page","labels":[{"name":"tag","value":"tag"},{"name":"tag","value":"tag1"},{"name":"tag","value":"smoke"},{"name":"host","value":"MC9011082216"},{"name":"thread","value":"44268@MC9011082216.main(1)"},{"name":"feature","value":"Test the DemoWebShop website"},{"name":"story","value":"Verify the Registration page"},{"name":"suite","value":"Test the DemoWebShop website"},{"name":"testClass","value":"Verify the Registration page"},{"name":"framework","value":"cucumber4jvm"},{"name":"language","value":"java"},{"name":"gherkin_uri","value":"file:///C:/Users/Jnirujyogi/eclipse-workspace/nopcommerce/src/test/resources/Featurefile/nopcommerce.feature"},{"name":"package","value":"src.test.resources.Featurefile.nopcommerce_feature.Test the DemoWebShop website"}],"links":[],"name":"Verify the Registration page","status":"broken","statusDetails":{"known":false,"muted":false,"flaky":false,"message":"Unable to locate element: //a[normalize-space()='Register']\nFor documentation on this error, please visit: https://selenium.dev/exceptions/#no_such_element\nBuild info: version: '4.5.0', revision: 'fe167b119a'\nSystem info: os.name: 'Windows 10', os.arch: 'amd64', os.version: '10.0', java.version: '18'\nDriver info: org.openqa.selenium.firefox.FirefoxDriver\nCommand: [c60673a8-d4aa-4f58-9894-8a5e4da316a9, findElement {using=xpath, value=//a[normalize-space()='Register']}]\nCapabilities {acceptInsecureCerts: true, browserName: firefox, browserVersion: 111.0.1, moz:accessibilityChecks: false, moz:buildID: 20230321111920, moz:debuggerAddress: 127.0.0.1:63245, moz:geckodriverVersion: 0.32.2, moz:headless: false, moz:platformVersion: 10.0, moz:processID: 28968, moz:profile: C:\\Users\\JNIRUJ~1\\AppData\\L..., moz:shutdownTimeout: 60000, moz:useNonSpecCompliantPointerOrigin: false, moz:webdriverClick: true, moz:windowless: false, pageLoadStrategy: normal, platformName: WINDOWS, proxy: Proxy(), se:cdp: ws://127.0.0.1:63245/devtoo..., se:cdpVersion: 85.0, setWindowRect: true, strictFileInteractability: false, timeouts: {implicit: 0, pageLoad: 300000, script: 30000}, unhandledPromptBehavior: dismiss and notify}\nSession ID: c60673a8-d4aa-4f58-9894-8a5e4da316a9","trace":"org.openqa.selenium.NoSuchElementException: Unable to locate element: //a[normalize-space()='Register']\nFor documentation on this error, please visit: https://selenium.dev/exceptions/#no_such_element\nBuild info: version: '4.5.0', revision: 'fe167b119a'\nSystem info: os.name: 'Windows 10', os.arch: 'amd64', os.version: '10.0', java.version: '18'\nDriver info: org.openqa.selenium.firefox.FirefoxDriver\nCommand: [c60673a8-d4aa-4f58-9894-8a5e4da316a9, findElement {using=xpath, value=//a[normalize-space()='Register']}]\nCapabilities {acceptInsecureCerts: true, browserName: firefox, browserVersion: 111.0.1, moz:accessibilityChecks: false, moz:buildID: 20230321111920, moz:debuggerAddress: 127.0.0.1:63245, moz:geckodriverVersion: 0.32.2, moz:headless: false, moz:platformVersion: 10.0, moz:processID: 28968, moz:profile: C:\\Users\\JNIRUJ~1\\AppData\\L..., moz:shutdownTimeout: 60000, moz:useNonSpecCompliantPointerOrigin: false, moz:webdriverClick: true, moz:windowless: false, pageLoadStrategy: normal, platformName: WINDOWS, proxy: Proxy(), se:cdp: ws://127.0.0.1:63245/devtoo..., se:cdpVersion: 85.0, setWindowRect: true, strictFileInteractability: false, timeouts: {implicit: 0, pageLoad: 300000, script: 30000}, unhandledPromptBehavior: dismiss and notify}\nSession ID: c60673a8-d4aa-4f58-9894-8a5e4da316a9\r\n\tat java.base/jdk.internal.reflect.DirectConstructorHandleAccessor.newInstance(DirectConstructorHandleAccessor.java:67)\r\n\tat java.base/java.lang.reflect.Constructor.newInstanceWithCaller(Constructor.java:499)\r\n\tat java.base/java.lang.reflect.Constructor.newInstance(Constructor.java:483)\r\n\tat org.openqa.selenium.remote.codec.w3c.W3CHttpResponseCodec.createException(W3CHttpResponseCodec.java:200)\r\n\tat org.openqa.selenium.remote.codec.w3c.W3CHttpResponseCodec.decode(W3CHttpResponseCodec.java:133)\r\n\tat org.openqa.selenium.remote.codec.w3c.W3CHttpResponseCodec.decode(W3CHttpResponseCodec.java:53)\r\n\tat org.openqa.selenium.remote.HttpCommandExecutor.execute(HttpCommandExecutor.java:184)\r\n\tat org.openqa.selenium.remote.service.DriverCommandExecutor.invokeExecute(DriverCommandExecutor.java:167)\r\n\tat org.openqa.selenium.remote.service.DriverCommandExecutor.execute(DriverCommandExecutor.java:142)\r\n\tat org.openqa.selenium.remote.RemoteWebDriver.execute(RemoteWebDriver.java:547)\r\n\tat org.openqa.selenium.remote.ElementLocation$ElementFinder$2.findElement(ElementLocation.java:162)\r\n\tat org.openqa.selenium.remote.ElementLocation.findElement(ElementLocation.java:60)\r\n\tat org.openqa.selenium.remote.RemoteWebDriver.findElement(RemoteWebDriver.java:365)\r\n\tat org.openqa.selenium.remote.RemoteWebDriver.findElement(RemoteWebDriver.java:357)\r\n\tat noncommerce.dropdown.Highlightsthetittle.high(Highlightsthetittle.java:22)\r\n\tat nopcommerce.stepdefinition.Stepdefinition.user_enter_the_url(Stepdefinition.java:80)\r\n\tat ✽.user enter the url \"https://demo.nopcommerce.com\"(file:///C:/Users/Jnirujyogi/eclipse-workspace/nopcommerce/src/test/resources/Featurefile/nopcommerce.feature:7)\r\n"},"stage":"finished","steps":[{"name":"Given  open the browser","status":"passed","statusDetails":{"known":false,"muted":false,"flaky":false},"stage":"finished","steps":[],"attachments":[],"parameters":[],"start":1679927279833,"stop":1679927287798},{"name":"When  user enter the url \"https://demo.nopcommerce.com\"","status":"broken","statusDetails":{"known":false,"muted":false,"flaky":false,"message":"Unable to locate element: //a[normalize-space()='Register']\nFor documentation on this error, please visit: https://selenium.dev/exceptions/#no_such_element\nBuild info: version: '4.5.0', revision: 'fe167b119a'\nSystem info: os.name: 'Windows 10', os.arch: 'amd64', os.version: '10.0', java.version: '18'\nDriver info: org.openqa.selenium.firefox.FirefoxDriver\nCommand: [c60673a8-d4aa-4f58-9894-8a5e4da316a9, findElement {using=xpath, value=//a[normalize-space()='Register']}]\nCapabilities {acceptInsecureCerts: true, browserName: firefox, browserVersion: 111.0.1, moz:accessibilityChecks: false, moz:buildID: 20230321111920, moz:debuggerAddress: 127.0.0.1:63245, moz:geckodriverVersion: 0.32.2, moz:headless: false, moz:platformVersion: 10.0, moz:processID: 28968, moz:profile: C:\\Users\\JNIRUJ~1\\AppData\\L..., moz:shutdownTimeout: 60000, moz:useNonSpecCompliantPointerOrigin: false, moz:webdriverClick: true, moz:windowless: false, pageLoadStrategy: normal, platformName: WINDOWS, proxy: Proxy(), se:cdp: ws://127.0.0.1:63245/devtoo..., se:cdpVersion: 85.0, setWindowRect: true, strictFileInteractability: false, timeouts: {implicit: 0, pageLoad: 300000, script: 30000}, unhandledPromptBehavior: dismiss and notify}\nSession ID: c60673a8-d4aa-4f58-9894-8a5e4da316a9","trace":"org.openqa.selenium.NoSuchElementException: Unable to locate element: //a[normalize-space()='Register']\nFor documentation on this error, please visit: https://selenium.dev/exceptions/#no_such_element\nBuild info: version: '4.5.0', revision: 'fe167b119a'\nSystem info: os.name: 'Windows 10', os.arch: 'amd64', os.version: '10.0', java.version: '18'\nDriver info: org.openqa.selenium.firefox.FirefoxDriver\nCommand: [c60673a8-d4aa-4f58-9894-8a5e4da316a9, findElement {using=xpath, value=//a[normalize-space()='Register']}]\nCapabilities {acceptInsecureCerts: true, browserName: firefox, browserVersion: 111.0.1, moz:accessibilityChecks: false, moz:buildID: 20230321111920, moz:debuggerAddress: 127.0.0.1:63245, moz:geckodriverVersion: 0.32.2, moz:headless: false, moz:platformVersion: 10.0, moz:processID: 28968, moz:profile: C:\\Users\\JNIRUJ~1\\AppData\\L..., moz:shutdownTimeout: 60000, moz:useNonSpecCompliantPointerOrigin: false, moz:webdriverClick: true, moz:windowless: false, pageLoadStrategy: normal, platformName: WINDOWS, proxy: Proxy(), se:cdp: ws://127.0.0.1:63245/devtoo..., se:cdpVersion: 85.0, setWindowRect: true, strictFileInteractability: false, timeouts: {implicit: 0, pageLoad: 300000, script: 30000}, unhandledPromptBehavior: dismiss and notify}\nSession ID: c60673a8-d4aa-4f58-9894-8a5e4da316a9\r\n\tat java.base/jdk.internal.reflect.DirectConstructorHandleAccessor.newInstance(DirectConstructorHandleAccessor.java:67)\r\n\tat java.base/java.lang.reflect.Constructor.newInstanceWithCaller(Constructor.java:499)\r\n\tat java.base/java.lang.reflect.Constructor.newInstance(Constructor.java:483)\r\n\tat org.openqa.selenium.remote.codec.w3c.W3CHttpResponseCodec.createException(W3CHttpResponseCodec.java:200)\r\n\tat org.openqa.selenium.remote.codec.w3c.W3CHttpResponseCodec.decode(W3CHttpResponseCodec.java:133)\r\n\tat org.openqa.selenium.remote.codec.w3c.W3CHttpResponseCodec.decode(W3CHttpResponseCodec.java:53)\r\n\tat org.openqa.selenium.remote.HttpCommandExecutor.execute(HttpCommandExecutor.java:184)\r\n\tat org.openqa.selenium.remote.service.DriverCommandExecutor.invokeExecute(DriverCommandExecutor.java:167)\r\n\tat org.openqa.selenium.remote.service.DriverCommandExecutor.execute(DriverCommandExecutor.java:142)\r\n\tat org.openqa.selenium.remote.RemoteWebDriver.execute(RemoteWebDriver.java:547)\r\n\tat org.openqa.selenium.remote.ElementLocation$ElementFinder$2.findElement(ElementLocation.java:162)\r\n\tat org.openqa.selenium.remote.ElementLocation.findElement(ElementLocation.java:60)\r\n\tat org.openqa.selenium.remote.RemoteWebDriver.findElement(RemoteWebDriver.java:365)\r\n\tat org.openqa.selenium.remote.RemoteWebDriver.findElement(RemoteWebDriver.java:357)\r\n\tat noncommerce.dropdown.Highlightsthetittle.high(Highlightsthetittle.java:22)\r\n\tat nopcommerce.stepdefinition.Stepdefinition.user_enter_the_url(Stepdefinition.java:80)\r\n\tat ✽.user enter the url \"https://demo.nopcommerce.com\"(file:///C:/Users/Jnirujyogi/eclipse-workspace/nopcommerce/src/test/resources/Featurefile/nopcommerce.feature:7)\r\n"},"stage":"finished","steps":[],"attachments":[{"name":"5b15caec-8b11-4daa-b428-a2330338f864","source":"fe218f28-3c73-4d6c-93ad-afa1ec43c6c0-attachment"}],"parameters":[],"start":1679927287799,"stop":1679927289217},{"name":"Then  click on the Register","status":"skipped","statusDetails":{"known":false,"muted":false,"flaky":false},"stage":"finished","steps":[],"attachments":[],"parameters":[],"start":1679927289217,"stop":1679927289218},{"name":"When  click on the Gender","status":"skipped","statusDetails":{"known":false,"muted":false,"flaky":false},"stage":"finished","steps":[],"attachments":[],"parameters":[],"start":1679927289219,"stop":1679927289219},{"name":"Then  Enter a Firstname  \"<firstname>\"","status":"skipped","statusDetails":{"known":false,"muted":false,"flaky":false},"stage":"finished","steps":[],"attachments":[],"parameters":[],"start":1679927289219,"stop":1679927289219},{"name":"When  enter a Lastname \"<lastname>\"","status":"skipped","statusDetails":{"known":false,"muted":false,"flaky":false},"stage":"finished","steps":[],"attachments":[],"parameters":[],"start":1679927289220,"stop":1679927289220},{"name":"Then  Enter a \"<Date-of-birth>\"","status":"skipped","statusDetails":{"known":false,"muted":false,"flaky":false},"stage":"finished","steps":[],"attachments":[],"parameters":[],"start":1679927289220,"stop":1679927289220},{"name":"Then  Enter a Email \"<Email>\"","status":"skipped","statusDetails":{"known":false,"muted":false,"flaky":false},"stage":"finished","steps":[],"attachments":[],"parameters":[],"start":1679927289221,"stop":1679927289221},{"name":"Then  Enter a company details \"<companydetails>\"","status":"skipped","statusDetails":{"known":false,"muted":false,"flaky":false},"stage":"finished","steps":[],"attachments":[],"parameters":[],"start":1679927289221,"stop":1679927289222},{"name":"Then  Click on news letter\"<news letter>\"","status":"skipped","statusDetails":{"known":false,"muted":false,"flaky":false},"stage":"finished","steps":[],"attachments":[],"parameters":[],"start":1679927289222,"stop":1679927289222},{"name":"When  enter the Password\"<password>\"","status":"skipped","statusDetails":{"known":false,"muted":false,"flaky":false},"stage":"finished","steps":[],"attachments":[],"parameters":[],"start":1679927289222,"stop":1679927289223},{"name":"Then  Enter a  ConfirmPassword \"<ConfirmPassword>\"","status":"skipped","statusDetails":{"known":false,"muted":false,"flaky":false},"stage":"finished","steps":[],"attachments":[],"parameters":[],"start":1679927289223,"stop":1679927289225},{"name":"When  click on a Register button","status":"skipped","statusDetails":{"known":false,"muted":false,"flaky":false},"stage":"finished","steps":[],"attachments":[],"parameters":[],"start":1679927289225,"stop":1679927289225},{"name":"Then  Click on the login component","status":"skipped","statusDetails":{"known":false,"muted":false,"flaky":false},"stage":"finished","steps":[],"attachments":[],"parameters":[],"start":1679927289230,"stop":1679927289231},{"name":"When  Enter the  existing email \"<email>\"","status":"skipped","statusDetails":{"known":false,"muted":false,"flaky":false},"stage":"finished","steps":[],"attachments":[],"parameters":[],"start":1679927289231,"stop":1679927289232},{"name":"Then  Enter the existing password \"<password>\"","status":"skipped","statusDetails":{"known":false,"muted":false,"flaky":false},"stage":"finished","steps":[],"attachments":[],"parameters":[],"start":1679927289232,"stop":1679927289232},{"name":"When  Click on a login button","status":"skipped","statusDetails":{"known":false,"muted":false,"flaky":false},"stage":"finished","steps":[],"attachments":[],"parameters":[],"start":1679927289233,"stop":1679927289233},{"name":"Then  click on a Computertoggle","status":"skipped","statusDetails":{"known":false,"muted":false,"flaky":false},"stage":"finished","steps":[],"attachments":[],"parameters":[],"start":1679927289233,"stop":1679927289234},{"name":"Then  click on a Desktop","status":"skipped","statusDetails":{"known":false,"muted":false,"flaky":false},"stage":"finished","steps":[],"attachments":[],"parameters":[],"start":1679927289234,"stop":1679927289234},{"name":"Then  click on a books","status":"skipped","statusDetails":{"known":false,"muted":false,"flaky":false},"stage":"finished","steps":[],"attachments":[],"parameters":[],"start":1679927289235,"stop":1679927289235}],"attachments":[],"parameters":[],"start":1679927279831,"stop":1679927289328}